<?xml version="1.0" encoding="UTF-8"?>
<!-- Generated by org.testng.reporters.JUnitReportReporter -->
<testsuite skipped="0" hostname="IIUSL" name="com.test.GoogleTest" tests="3" failures="0" timestamp="11 Apr 2019 19:03:32 GMT" time="19.391" errors="0">
  <testcase name="googleTitleTest" time="4.670" classname="com.test.GoogleTest"/>
  <testcase name="googleLogoTest" time="4.653" classname="com.test.GoogleTest"/>
  <testcase name="mailLinkTest" time="10.068" classname="com.test.GoogleTest"/>
</testsuite> <!-- com.test.GoogleTest -->
