<?xml version="1.0" encoding="UTF-8"?>
<!-- Generated by org.testng.reporters.JUnitReportReporter -->
<testsuite skipped="0" hostname="IIUSL" name="com.test.TestNGBasics" tests="3" failures="0" timestamp="11 Apr 2019 15:10:28 GMT" time="0.010" errors="0">
  <testcase name="searchTest" time="0.001" classname="com.test.TestNGBasics"/>
  <testcase name="googleLogoTest" time="0.005" classname="com.test.TestNGBasics"/>
  <testcase name="googleTitleTest" time="0.004" classname="com.test.TestNGBasics"/>
</testsuite> <!-- com.test.TestNGBasics -->
