<?xml version="1.0" encoding="UTF-8"?>
<!-- Generated by org.testng.reporters.JUnitReportReporter -->
<testsuite skipped="0" hostname="IIUSL" name="google.Test.Project.GoogleTitleTest" tests="2" failures="0" timestamp="16 Apr 2019 08:47:50 GMT" time="10.714" errors="0">
  <testcase name="googleTitleTest" time="5.804" classname="google.Test.Project.GoogleTitleTest"/>
  <testcase name="googleLogoTest" time="4.910" classname="google.Test.Project.GoogleTitleTest"/>
</testsuite> <!-- google.Test.Project.GoogleTitleTest -->
