<?xml version="1.0" encoding="UTF-8"?>
<!-- Generated by org.testng.reporters.JUnitReportReporter -->
<testsuite skipped="0" hostname="IIUSL" name="google.Test.Project.GoogleTitleTest" tests="1" failures="0" timestamp="16 Apr 2019 14:06:03 GMT" time="11.854" errors="0">
  <testcase name="googleTitleTest" time="11.854" classname="google.Test.Project.GoogleTitleTest"/>
</testsuite> <!-- google.Test.Project.GoogleTitleTest -->
