<?xml version="1.0" encoding="UTF-8"?>
<!-- Generated by org.testng.reporters.JUnitReportReporter -->
<testsuite skipped="0" hostname="IIUSL" name="google.Test.Project.TestNGBasics" tests="3" failures="0" timestamp="16 Apr 2019 08:47:50 GMT" time="0.004" errors="0">
  <testcase name="searchTest" time="0.001" classname="google.Test.Project.TestNGBasics"/>
  <testcase name="googleTitleTest" time="0.001" classname="google.Test.Project.TestNGBasics"/>
  <testcase name="googleLogoTest" time="0.002" classname="google.Test.Project.TestNGBasics"/>
</testsuite> <!-- google.Test.Project.TestNGBasics -->
